<?xml version="1.0" encoding="UTF-8"?>
<testsuite xmlns:xsi="http://www.w3.org/2001/XMLSchema-instance" xsi:noNamespaceSchemaLocation="https://maven.apache.org/surefire/maven-surefire-plugin/xsd/surefire-test-report.xsd" version="3.0.2" name="com.example.medicalregister.MedicalRegisterApplicationTests" time="1.553" tests="1" errors="0" skipped="0" failures="0">
  <properties>
[...]
</properties>
  <testcase name="contextLoads" classname="com.example.medicalregister.MedicalRegisterApplicationTests" time="0.004">
    <system-out><![CDATA[01:29:18.275 [main] INFO org.springframework.test.context.support.AnnotationConfigContextLoaderUtils -- Could not detect default configuration classes for test class [com.example.medicalregister.MedicalRegisterApplicationTests]: MedicalRegisterApplicationTests does not declare any static, non-private, non-final, nested classes annotated with @Configuration.
01:29:18.305 [main] INFO org.springframework.boot.test.context.SpringBootTestContextBootstrapper -- Found @SpringBootConfiguration com.example.medicalregister.MedicalRegisterApplication for test class com.example.medicalregister.MedicalRegisterApplicationTests

  .   ____          _            __ _ _
 /\\ / ___'_ __ _ _(_)_ __  __ _ \ \ \ \
( ( )\___ | '_ | '_| | '_ \/ _` | \ \ \ \
 \\/  ___)| |_)| | | | | || (_| |  ) ) ) )
  '  |____| .__|_| |_|_| |_\__, | / / / /
 =========|_|==============|___/=/_/_/_/

 :: Spring Boot ::                (v3.5.3)

2025-07-16T01:29:18.429+08:00  INFO 7747 --- [medical-register] [           main] c.e.m.MedicalRegisterApplicationTests    : Starting MedicalRegisterApplicationTests using Java 24.0.1 with PID 7747 (started by eimon in /Users/eimon/Documents/EM_Data/Projects/coding-assessment-medical-registry/medicalregister)
2025-07-16T01:29:18.429+08:00  INFO 7747 --- [medical-register] [           main] c.e.m.MedicalRegisterApplicationTests    : No active profile set, falling back to 1 default profile: "default"
2025-07-16T01:29:18.438+08:00 DEBUG 7747 --- [medical-register] [           main] o.s.w.c.s.GenericWebApplicationContext   : Refreshing org.springframework.web.context.support.GenericWebApplicationContext@4d1ff6b1
2025-07-16T01:29:18.654+08:00  INFO 7747 --- [medical-register] [           main] .s.d.r.c.RepositoryConfigurationDelegate : Bootstrapping Spring Data JPA repositories in DEFAULT mode.
2025-07-16T01:29:18.676+08:00  INFO 7747 --- [medical-register] [           main] .s.d.r.c.RepositoryConfigurationDelegate : Finished Spring Data repository scanning in 19 ms. Found 1 JPA repository interface.
2025-07-16T01:29:18.766+08:00 DEBUG 7747 --- [medical-register] [           main] o.j.a.s.CustomScopeAnnotationConfigurer  : com.example.medicalregister.bean.MedicalRegisterBean - Scope(SESSION)
2025-07-16T01:29:18.839+08:00  INFO 7747 --- [medical-register] [           main] o.hibernate.jpa.internal.util.LogHelper  : HHH000204: Processing PersistenceUnitInfo [name: default]
2025-07-16T01:29:18.857+08:00  INFO 7747 --- [medical-register] [           main] org.hibernate.Version                    : HHH000412: Hibernate ORM core version 6.6.18.Final
2025-07-16T01:29:18.866+08:00  INFO 7747 --- [medical-register] [           main] o.h.c.internal.RegionFactoryInitiator    : HHH000026: Second-level cache disabled
2025-07-16T01:29:18.907+08:00  INFO 7747 --- [medical-register] [           main] o.s.o.j.p.SpringPersistenceUnitInfo      : No LoadTimeWeaver setup: ignoring JPA class transformer
2025-07-16T01:29:18.916+08:00  INFO 7747 --- [medical-register] [           main] com.zaxxer.hikari.HikariDataSource       : HikariPool-1 - Starting...
2025-07-16T01:29:18.971+08:00  INFO 7747 --- [medical-register] [           main] com.zaxxer.hikari.pool.HikariPool        : HikariPool-1 - Added connection conn0: url=jdbc:h2:mem:medregdb user=SA
2025-07-16T01:29:18.971+08:00  INFO 7747 --- [medical-register] [           main] com.zaxxer.hikari.HikariDataSource       : HikariPool-1 - Start completed.
2025-07-16T01:29:18.978+08:00  WARN 7747 --- [medical-register] [           main] org.hibernate.orm.deprecation            : HHH90000025: H2Dialect does not need to be specified explicitly using 'hibernate.dialect' (remove the property setting and it will be selected by default)
2025-07-16T01:29:18.985+08:00  INFO 7747 --- [medical-register] [           main] org.hibernate.orm.connections.pooling    : HHH10001005: Database info:
	Database JDBC URL [Connecting through datasource 'HikariDataSource (HikariPool-1)']
	Database driver: undefined/unknown
	Database version: 2.3.232
	Autocommit mode: undefined/unknown
	Isolation level: undefined/unknown
	Minimum pool size: undefined/unknown
	Maximum pool size: undefined/unknown
2025-07-16T01:29:19.206+08:00  INFO 7747 --- [medical-register] [           main] o.h.e.t.j.p.i.JtaPlatformInitiator       : HHH000489: No JTA platform available (set 'hibernate.transaction.jta.platform' to enable JTA platform integration)
2025-07-16T01:29:19.226+08:00  INFO 7747 --- [medical-register] [           main] j.LocalContainerEntityManagerFactoryBean : Initialized JPA EntityManagerFactory for persistence unit 'default'
2025-07-16T01:29:19.353+08:00 DEBUG 7747 --- [medical-register] [           main] o.s.web.client.RestTemplate              : HTTP GET https://dev-kofq520tc7ubr8q0.us.auth0.com/.well-known/openid-configuration
2025-07-16T01:29:19.358+08:00 DEBUG 7747 --- [medical-register] [           main] o.s.web.client.RestTemplate              : Accept=[application/json, application/*+json]
2025-07-16T01:29:19.532+08:00 DEBUG 7747 --- [medical-register] [           main] o.s.web.client.RestTemplate              : Response 200 OK
2025-07-16T01:29:19.533+08:00 DEBUG 7747 --- [medical-register] [           main] o.s.web.client.RestTemplate              : Reading to [java.util.Map<java.lang.String, java.lang.Object>]
2025-07-16T01:29:19.627+08:00 DEBUG 7747 --- [medical-register] [           main] s.w.s.m.m.a.RequestMappingHandlerMapping : 2 mappings in 'requestMappingHandlerMapping'
2025-07-16T01:29:19.655+08:00 DEBUG 7747 --- [medical-register] [           main] o.s.w.s.handler.SimpleUrlHandlerMapping  : Patterns [/webjars/**, /**] in 'resourceHandlerMapping'
2025-07-16T01:29:19.660+08:00 DEBUG 7747 --- [medical-register] [           main] swordEncoderAuthenticationManagerBuilder : No authenticationProviders and no parentAuthenticationManager defined. Returning null.
2025-07-16T01:29:19.693+08:00 DEBUG 7747 --- [medical-register] [           main] o.s.s.web.DefaultSecurityFilterChain     : Will secure any request with filters: DisableEncodeUrlFilter, WebAsyncManagerIntegrationFilter, SecurityContextHolderFilter, HeaderWriterFilter, LogoutFilter, OAuth2AuthorizationRequestRedirectFilter, OAuth2LoginAuthenticationFilter, DefaultResourcesFilter, DefaultLoginPageGeneratingFilter, DefaultLogoutPageGeneratingFilter, RequestCacheAwareFilter, SecurityContextHolderAwareRequestFilter, AnonymousAuthenticationFilter, ExceptionTranslationFilter, AuthorizationFilter
2025-07-16T01:29:19.742+08:00 DEBUG 7747 --- [medical-register] [           main] s.w.s.m.m.a.RequestMappingHandlerAdapter : ControllerAdvice beans: 0 @ModelAttribute, 0 @InitBinder, 1 RequestBodyAdvice, 1 ResponseBodyAdvice
2025-07-16T01:29:19.754+08:00 DEBUG 7747 --- [medical-register] [           main] .m.m.a.ExceptionHandlerExceptionResolver : ControllerAdvice beans: 0 @ExceptionHandler, 1 ResponseBodyAdvice
2025-07-16T01:29:19.775+08:00  INFO 7747 --- [medical-register] [           main] o.s.b.a.h2.H2ConsoleAutoConfiguration    : H2 console available at '/h2-console'. Database available at 'jdbc:h2:mem:medregdb'
2025-07-16T01:29:19.796+08:00  INFO 7747 --- [medical-register] [           main] c.e.m.MedicalRegisterApplicationTests    : Started MedicalRegisterApplicationTests in 1.45 seconds (process running for 2.174)
]]></system-out>
  </testcase>
</testsuite>