<?xml version="1.0" encoding="UTF-8"?>
<testsuite xmlns:xsi="http://www.w3.org/2001/XMLSchema-instance" xsi:noNamespaceSchemaLocation="https://maven.apache.org/surefire/maven-surefire-plugin/xsd/surefire-test-report.xsd" version="3.0.2" name="com.example.medicalregister.service.MedicalRegisterServiceTest" time="0.065" tests="6" errors="0" skipped="0" failures="0">
  <properties>
[...]
</properties>
  <testcase name="testCreateRecord" classname="com.example.medicalregister.service.MedicalRegisterServiceTest" time="0.003">
    <system-out><![CDATA[2025-07-16T01:29:19.808+08:00  INFO 7747 --- [medical-register] [           main] t.c.s.AnnotationConfigContextLoaderUtils : Could not detect default configuration classes for test class [com.example.medicalregister.service.MedicalRegisterServiceTest]: MedicalRegisterServiceTest does not declare any static, non-private, non-final, nested classes annotated with @Configuration.
2025-07-16T01:29:19.811+08:00  INFO 7747 --- [medical-register] [           main] .b.t.c.SpringBootTestContextBootstrapper : Found @SpringBootConfiguration com.example.medicalregister.MedicalRegisterApplication for test class com.example.medicalregister.service.MedicalRegisterServiceTest
2025-07-16T01:29:19.858+08:00  INFO 7747 --- [medical-register] [           main] c.e.m.service.MedicalRegisterService     : Saving record: com.example.medicalregister.entity.MedicalRegister@745e1fb7
]]></system-out>
  </testcase>
  <testcase name="testFindAll" classname="com.example.medicalregister.service.MedicalRegisterServiceTest" time="0.002">
    <system-out><![CDATA[2025-07-16T01:29:19.861+08:00  INFO 7747 --- [medical-register] [           main] c.e.m.service.MedicalRegisterService     : Finding all medical records
]]></system-out>
  </testcase>
  <testcase name="testFindById" classname="com.example.medicalregister.service.MedicalRegisterServiceTest" time="0.002">
    <system-out><![CDATA[2025-07-16T01:29:19.864+08:00  INFO 7747 --- [medical-register] [           main] c.e.m.service.MedicalRegisterService     : Finding record with ID: 1
]]></system-out>
  </testcase>
  <testcase name="testUpdateRecord" classname="com.example.medicalregister.service.MedicalRegisterServiceTest" time="0.002">
    <system-out><![CDATA[2025-07-16T01:29:19.866+08:00  INFO 7747 --- [medical-register] [           main] c.e.m.service.MedicalRegisterService     : Saving record: com.example.medicalregister.entity.MedicalRegister@1a2d8488
]]></system-out>
  </testcase>
  <testcase name="testFindByIdNotFound" classname="com.example.medicalregister.service.MedicalRegisterServiceTest" time="0.002">
    <system-out><![CDATA[2025-07-16T01:29:19.869+08:00  INFO 7747 --- [medical-register] [           main] c.e.m.service.MedicalRegisterService     : Finding record with ID: 9
]]></system-out>
  </testcase>
  <testcase name="testDeleteRecord" classname="com.example.medicalregister.service.MedicalRegisterServiceTest" time="0.001">
    <system-out><![CDATA[2025-07-16T01:29:19.871+08:00  INFO 7747 --- [medical-register] [           main] c.e.m.service.MedicalRegisterService     : Deleting record with ID: 1
]]></system-out>
  </testcase>
</testsuite>